<?xml version="1.0" encoding="UTF-8"?>
<!-- Generated by org.testng.reporters.JUnitXMLReporter -->
<testsuite ignored="0" hostname="CIPL1300QA" failures="0" tests="4" name="Default test" time="20.794" errors="0" timestamp="2023-02-06T16:02:36 IST">
  <testcase classname="Git.Gitdemo.amazonstandalone" name="testCaseData" time="3.158"/>
  <testcase classname="Git.Gitdemo.amazonstandalone" name="search" time="2.294"/>
  <testcase classname="Git.Gitdemo.amazonstandalone" name="AddToCart" time="7.47"/>
  <testcase classname="Git.Gitdemo.amazonstandalone" name="LogOut" time="4.434"/>
</testsuite> <!-- Default test -->
