<?xml version="1.0" encoding="UTF-8"?>
<testng-results ignored="0" total="4" passed="4" failed="0" skipped="0">
  <reporter-output>
  </reporter-output>
  <suite started-at="2023-02-06T16:02:15 IST" name="Default suite" finished-at="2023-02-06T16:02:36 IST" duration-ms="20794">
    <groups>
    </groups>
    <test started-at="2023-02-06T16:02:15 IST" name="Default test" finished-at="2023-02-06T16:02:36 IST" duration-ms="20794">
      <class name="Git.Gitdemo.amazonstandalone">
        <test-method is-config="true" signature="launchingBrowser()[pri:0, instance:Git.Gitdemo.amazonstandalone@72e5a8e]" started-at="2023-02-06T16:02:15 IST" name="launchingBrowser" finished-at="2023-02-06T16:02:18 IST" duration-ms="2800" status="PASS">
          <reporter-output>
          </reporter-output>
        </test-method> <!-- launchingBrowser -->
        <test-method signature="testCaseData(java.lang.String,java.lang.String)[pri:1, instance:Git.Gitdemo.amazonstandalone@72e5a8e]" started-at="2023-02-06T16:02:19 IST" name="testCaseData" data-provider="drivenTest" finished-at="2023-02-06T16:02:22 IST" duration-ms="3158" status="PASS">
          <params>
            <param index="0">
              <value>
                <![CDATA[p.dhanasailakshmi@gmail.com]]>
              </value>
            </param>
            <param index="1">
              <value>
                <![CDATA[Dhana@145]]>
              </value>
            </param>
          </params>
          <reporter-output>
          </reporter-output>
        </test-method> <!-- testCaseData -->
        <test-method signature="search()[pri:2, instance:Git.Gitdemo.amazonstandalone@72e5a8e]" started-at="2023-02-06T16:02:22 IST" name="search" finished-at="2023-02-06T16:02:24 IST" duration-ms="2294" status="PASS">
          <reporter-output>
          </reporter-output>
        </test-method> <!-- search -->
        <test-method signature="AddToCart()[pri:3, instance:Git.Gitdemo.amazonstandalone@72e5a8e]" started-at="2023-02-06T16:02:24 IST" name="AddToCart" finished-at="2023-02-06T16:02:32 IST" duration-ms="7470" status="PASS">
          <reporter-output>
          </reporter-output>
        </test-method> <!-- AddToCart -->
        <test-method signature="LogOut()[pri:4, instance:Git.Gitdemo.amazonstandalone@72e5a8e]" started-at="2023-02-06T16:02:32 IST" name="LogOut" finished-at="2023-02-06T16:02:36 IST" duration-ms="4434" status="PASS">
          <reporter-output>
          </reporter-output>
        </test-method> <!-- LogOut -->
        <test-method is-config="true" signature="Teardown()[pri:0, instance:Git.Gitdemo.amazonstandalone@72e5a8e]" started-at="2023-02-06T16:02:36 IST" name="Teardown" finished-at="2023-02-06T16:02:36 IST" duration-ms="179" status="PASS">
          <reporter-output>
          </reporter-output>
        </test-method> <!-- Teardown -->
      </class> <!-- Git.Gitdemo.amazonstandalone -->
    </test> <!-- Default test -->
  </suite> <!-- Default suite -->
</testng-results>
